2022/06/01 07:39:37 [notice] 1#1: using the "epoll" event method
2022/06/01 07:39:37 [notice] 1#1: nginx/1.21.6
2022/06/01 07:39:37 [notice] 1#1: built by gcc 10.3.1 20211027 (Alpine 10.3.1_git20211027) 
2022/06/01 07:39:37 [notice] 1#1: OS: Linux 5.13.0-44-generic
2022/06/01 07:39:37 [notice] 1#1: getrlimit(RLIMIT_NOFILE): 1048576:1048576
2022/06/01 07:39:37 [notice] 1#1: start worker processes
2022/06/01 07:39:37 [notice] 1#1: start worker process 22
2022/06/01 07:39:37 [notice] 1#1: start worker process 23
2022/06/01 07:39:37 [notice] 1#1: start worker process 24
2022/06/01 07:39:37 [notice] 1#1: start worker process 25
2022/06/01 07:45:00 [notice] 1#1: signal 3 (SIGQUIT) received, shutting down
2022/06/01 07:45:00 [notice] 25#25: gracefully shutting down
2022/06/01 07:45:00 [notice] 25#25: exiting
2022/06/01 07:45:00 [notice] 25#25: exit
2022/06/01 07:45:00 [notice] 22#22: gracefully shutting down
2022/06/01 07:45:00 [notice] 22#22: exiting
2022/06/01 07:45:00 [notice] 22#22: exit
2022/06/01 07:45:00 [notice] 24#24: gracefully shutting down
2022/06/01 07:45:00 [notice] 24#24: exiting
2022/06/01 07:45:00 [notice] 24#24: exit
2022/06/01 07:45:00 [notice] 23#23: gracefully shutting down
2022/06/01 07:45:00 [notice] 23#23: exiting
2022/06/01 07:45:00 [notice] 23#23: exit
2022/06/01 07:45:00 [notice] 1#1: signal 17 (SIGCHLD) received from 22
2022/06/01 07:45:00 [notice] 1#1: worker process 22 exited with code 0
2022/06/01 07:45:00 [notice] 1#1: signal 29 (SIGIO) received
2022/06/01 07:45:00 [notice] 1#1: signal 17 (SIGCHLD) received from 24
2022/06/01 07:45:00 [notice] 1#1: worker process 24 exited with code 0
2022/06/01 07:45:00 [notice] 1#1: signal 29 (SIGIO) received
2022/06/01 07:45:00 [notice] 1#1: signal 17 (SIGCHLD) received from 25
2022/06/01 07:45:00 [notice] 1#1: worker process 25 exited with code 0
2022/06/01 07:45:00 [notice] 1#1: signal 29 (SIGIO) received
2022/06/01 07:45:00 [notice] 1#1: signal 17 (SIGCHLD) received from 23
2022/06/01 07:45:00 [notice] 1#1: worker process 23 exited with code 0
2022/06/01 07:45:00 [notice] 1#1: exit
